"../../../ProjectMini/Content/Dynamic/Game/ProjectMiniGameInstance.uasset" 0
"../../../Engine/Content/Functions/Engine_MaterialFunctions01/Opacity/CameraDepthFade.uasset" 1
"../../../Engine/Content/EngineMaterials/T_Default_Material_Grid_M.uasset" 2
"../../../Engine/Content/EngineMaterials/T_Default_Material_Grid_N.uasset" 3
"../../../Engine/Content/EngineMaterials/WorldGridMaterial.uasset" 4
"../../../Engine/Content/BasicShapes/Plane.uasset" 5
"../../../Engine/Content/EditorLandscapeResources/DataLayer.uasset" 6
"../../../Engine/Content/EditorMaterials/GizmoMaterial.uasset" 7
"../../../Engine/Content/EditorMaterials/MAT_Groups_Toggle.uasset" 8
"../../../Engine/Content/EditorMaterials/MAT_Groups_Visibility.uasset" 9
"../../../Engine/Content/EditorMaterials/PreviewShadowIndicator.uasset" 10
"../../../Engine/Content/EditorMaterials/PreviewShadowIndicatorMaterial.uasset" 11
"../../../Engine/Content/EditorMaterials/MatineeGroups/MAT_ColorTrack.uasset" 12
"../../../Engine/Content/EditorMaterials/MatineeGroups/MAT_Groups_Anim.uasset" 13
"../../../Engine/Content/EditorMaterials/MatineeGroups/MAT_Groups_AudioMaster.uasset" 14
"../../../Engine/Content/EditorMaterials/MatineeGroups/MAT_Groups_Director.uasset" 15
"../../../Engine/Content/EditorMaterials/MatineeGroups/MAT_Groups_Event.uasset" 16
"../../../Engine/Content/EditorMaterials/MatineeGroups/MAT_Groups_Fade.uasset" 17
"../../../Engine/Content/EditorMaterials/MatineeGroups/MAT_Groups_Float.uasset" 18
"../../../Engine/Content/EditorMaterials/MatineeGroups/MAT_Groups_Move.uasset" 19
"../../../Engine/Content/EditorMaterials/MatineeGroups/MAT_Groups_Slomo.uasset" 20
"../../../Engine/Content/EditorMaterials/MatineeGroups/MAT_Groups_Sound.uasset" 21
"../../../Engine/Content/EditorMaterials/MatineeGroups/MAT_Groups_Vector.uasset" 22
"../../../Engine/Content/EditorMaterials/ParticleSystems/PSysThumbnail_NoImage.uasset" 23
"../../../Engine/Content/EditorMaterials/ParticleSystems/PSysThumbnail_OOD.uasset" 24
"../../../Engine/Content/EditorMaterials/Camera/CineMat.uasset" 25
"../../../Engine/Content/EditorMaterials/Camera/MI_CineMat_Rig.uasset" 26
"../../../Engine/Content/EditorMeshes/Camera/SM_CraneRig_Arm.uasset" 27
"../../../Engine/Content/EditorMeshes/Camera/SM_CraneRig_Base.uasset" 28
"../../../Engine/Content/EditorMeshes/Camera/SM_CraneRig_Body.uasset" 29
"../../../Engine/Content/EditorMeshes/Camera/SM_CraneRig_Mount.uasset" 30
"../../../Engine/Content/EditorMeshes/Camera/SM_RailRig_Mount.uasset" 31
"../../../Engine/Content/EditorMeshes/Camera/SM_RailRig_Track.uasset" 32
"../../../Engine/Content/EditorMeshes/ColorCalibrator/M_ChromeBall.uasset" 33
"../../../Engine/Content/EditorMeshes/ColorCalibrator/M_ClearCoat.uasset" 34
"../../../Engine/Content/EditorMeshes/ColorCalibrator/M_ClearCoatBlack.uasset" 35
"../../../Engine/Content/EditorMeshes/ColorCalibrator/Color_checker.uasset" 36
"../../../Engine/Content/EditorMeshes/ColorCalibrator/M_ColorGrid.uasset" 37
"../../../Engine/Content/EditorMeshes/ColorCalibrator/M_GreyBall.uasset" 38
"../../../Engine/Content/EditorMeshes/ColorCalibrator/SM_ColorCalibrator.uasset" 39
"../../../Engine/Content/EditorResources/BSPVertex.uasset" 40
"../../../Engine/Content/EditorResources/EmptyActor.uasset" 41
"../../../Engine/Content/EditorResources/S_Actor.uasset" 42
"../../../Engine/Content/EditorResources/S_Trigger.uasset" 43
"../../../Engine/Content/EditorResources/LightIcons/S_LightError.uasset" 44
"../../../Engine/Content/EditorResources/SequenceRecorder/Countdown.uasset" 45
"../../../Engine/Content/EditorResources/SequenceRecorder/RecordingIndicator.uasset" 46
"../../../Engine/Content/EditorSounds/Notifications/CompileFailed.uasset" 47
"../../../Engine/Content/EditorSounds/Notifications/CompileFailed_Cue.uasset" 48
"../../../Engine/Content/EditorSounds/Notifications/CompileSuccess.uasset" 49
"../../../Engine/Content/EditorSounds/Notifications/CompileStart_Cue.uasset" 50
"../../../Engine/Content/EditorSounds/Notifications/CompileSuccess_Cue.uasset" 51
"../../../Engine/Content/EngineDamageTypes/DmgTypeBP_Environmental.uasset" 52
"../../../Engine/Content/EngineDebugMaterials/HeatmapGradient.uasset" 53
"../../../Engine/Content/EngineDebugMaterials/BoneWeightMaterial.uasset" 54
"../../../Engine/Content/EngineDebugMaterials/ClothMaterial.uasset" 55
"../../../Engine/Content/EngineDebugMaterials/ClothMaterial_WF.uasset" 56
"../../../Engine/Content/EngineDebugMaterials/DebugEditorMaterial.uasset" 57
"../../../Engine/Content/EngineDebugMaterials/DebugMeshMaterial.uasset" 58
"../../../Engine/Content/EngineDebugMaterials/GeomMaterial.uasset" 59
"../../../Engine/Content/EngineFonts/Faces/RobotoBold.uasset" 60
"../../../Engine/Content/EngineFonts/Faces/RobotoBoldItalic.uasset" 61
"../../../Engine/Content/EngineFonts/Faces/RobotoItalic.uasset" 62
"../../../Engine/Content/EngineFonts/Faces/RobotoLight.uasset" 63
"../../../Engine/Content/EngineFonts/Faces/RobotoRegular.uasset" 64
"../../../Engine/Content/EngineFonts/Roboto.uasset" 65
"../../../Engine/Content/EngineFonts/Faces/RobotoTiny.uasset" 66
"../../../Engine/Content/EngineFonts/RobotoTiny.uasset" 67
"../../../Engine/Content/EngineMaterials/DefaultBloomKernel.uasset" 68
"../../../Engine/Content/EngineMaterials/DefaultBokeh.uasset" 69
"../../../Engine/Content/EngineMaterials/DefaultDiffuse.uasset" 70
"../../../Engine/Content/EngineMaterials/DefaultDeferredDecalMaterial.uasset" 71
"../../../Engine/Content/EngineMaterials/DefaultLightFunctionMaterial.uasset" 72
"../../../Engine/Content/Functions/Engine_MaterialFunctions02/Utility/BreakOutFloat2Components.uasset" 73
"../../../Engine/Content/EngineMaterials/DefaultPostProcessMaterial.uasset" 74
"../../../Engine/Content/EngineFonts/RobotoDistanceField.uasset" 75
"../../../Engine/Content/EngineMaterials/DefaultTextMaterialOpaque.uasset" 76
"../../../Engine/Content/EngineMaterials/DefaultWhiteGrid.uasset" 77
"../../../Engine/Content/EngineMaterials/EditorBrushMaterial.uasset" 78
"../../../Engine/Content/EngineMaterials/Good64x64TilingNoiseHighFreq.uasset" 79
"../../../Engine/Content/EngineMaterials/MiniFont.uasset" 80
"../../../Engine/Content/EngineMaterials/InvalidLightmapSettings.uasset" 81
"../../../Engine/Content/EngineMaterials/M_InvalidLightmapSettings.uasset" 82
"../../../Engine/Content/Functions/Engine_MaterialFunctions02/WorldPositionOffset/CameraOffset.uasset" 83
"../../../Engine/Content/EngineMaterials/PhAT_JointLimitMaterial.uasset" 84
"../../../Engine/Content/EngineMaterials/PreintegratedSkinBRDF.uasset" 85
"../../../Engine/Content/EngineMaterials/RemoveSurfaceMaterial.uasset" 86
"../../../Engine/Content/EngineMaterials/WeightMapPlaceholderTexture.uasset" 87
"../../../Engine/Content/EngineResources/WhiteSquareTexture.uasset" 88
"../../../Engine/Content/EngineMaterials/Widget3DPassThrough.uasset" 89
"../../../Engine/Content/EngineMaterials/Widget3DPassThrough_Masked.uasset" 90
"../../../Engine/Content/EngineMaterials/Widget3DPassThrough_Opaque.uasset" 91
"../../../Engine/Content/EngineMaterials/Widget3DPassThrough_Masked_OneSided.uasset" 92
"../../../Engine/Content/EngineMaterials/Widget3DPassThrough_Opaque_OneSided.uasset" 93
"../../../Engine/Content/EngineMaterials/Widget3DPassThrough_Translucent.uasset" 94
"../../../Engine/Content/EngineMaterials/Widget3DPassThrough_Translucent_OneSided.uasset" 95
"../../../Engine/Content/EngineMaterials/DefaultMaterial.uasset" 96
"../../../Engine/Content/EngineMeshes/Cube.uasset" 97
"../../../Engine/Content/EngineMeshes/Cylinder.uasset" 98
"../../../Engine/Content/EngineMeshes/Sphere.uasset" 99
"../../../Engine/Content/EngineResources/Black.uasset" 100
"../../../Engine/Content/EngineResources/DefaultTexture.uasset" 101
"../../../Engine/Content/EngineResources/DefaultTextureCube.uasset" 102
"../../../Engine/Content/EngineResources/GradientTexture0.uasset" 103
"../../../Engine/Content/EngineSounds/Master.uasset" 104
"../../../Engine/Content/Functions/Engine_MaterialFunctions01/Shading/ConvertFromDiffSpec.uasset" 105
"../../../Engine/Content/Functions/Engine_MaterialFunctions01/Shading/PowerToRoughness.uasset" 106
"../../../Engine/Content/Maps/Templates/Thumbnails/Default.uasset" 107
"../../../Engine/Content/Maps/Templates/Thumbnails/VR-Basic.uasset" 108
"../../../Engine/Content/MobileResources/T_MobileControls_texture.uasset" 109
"../../../Engine/Content/MobileResources/T_MobileMenu2.uasset" 110
"../../../Engine/Content/MobileResources/HUD/AnalogHat.uasset" 111
"../../../Engine/Content/MobileResources/HUD/VirtualJoystick_Background.uasset" 112
"../../../Engine/Content/MobileResources/HUD/VirtualJoystick_Thumb.uasset" 113
"../../../Engine/Content/MobileResources/HUD/DefaultVirtualJoysticks.uasset" 114
"../../../Engine/Content/MobileResources/HUD/LeftVirtualJoystickOnly.uasset" 115
"../../../Engine/Content/MobileResources/HUD/MobileHUDButton1_off.uasset" 116
"../../../Engine/Content/MobileResources/HUD/MobileHUDButton1_on.uasset" 117
"../../../Engine/Content/MobileResources/HUD/MobileHUDButton2_off.uasset" 118
"../../../Engine/Content/MobileResources/HUD/MobileHUDButton2_on.uasset" 119
"../../../Engine/Content/MobileResources/HUD/MobileHUDButton3.uasset" 120
"../../../Engine/Content/MobileResources/HUD/MobileHUDButtonFire.uasset" 121
"../../../Engine/Content/MobileResources/HUD/MobileHUDDirectionPad.uasset" 122
"../../../Engine/Content/MobileResources/HUD/MobileHUDDirectionPad2.uasset" 123
"../../../Engine/Content/MobileResources/HUD/MobileHUDDirectionPad3.uasset" 124
"../../../Engine/Content/MobileResources/HUD/MobileHUDDirectionStick.uasset" 125
"../../../Engine/Content/MobileResources/HUD/T_Castle_ThumbstickInner.uasset" 126
"../../../Engine/Content/MobileResources/HUD/T_Castle_ThumbstickOutter.uasset" 127
"../../../Engine/Content/Tutorial/ContentIntroCurve.uasset" 128
"../../../Engine/Content/Tutorial/Basics/TutorialAssets/icon_tab_Levels_40x.uasset" 129
"../../../Engine/Content/Tutorial/BlueprintTutorials/TutorialAssets/BlueprintInterface_64x.uasset" 130
"../../../Engine/Content/Tutorial/BlueprintTutorials/TutorialAssets/BlueprintMacroLibrary_64x.uasset" 131
"../../../Engine/Content/Tutorial/BlueprintTutorials/TutorialAssets/Blueprint_64x.uasset" 132
"../../../Engine/Content/Tutorial/BlueprintTutorials/TutorialAssets/Tutorial_BP_Interface.uasset" 133
"../../../Engine/Content/Tutorial/Foliage/TutorialAssets/Foliage.uasset" 134
"../../../Engine/Content/Tutorial/Landscape/TutorialAssets/Landscape.uasset" 135
"../../../Engine/Content/Tutorial/Paper2D/TutorialAssets/Paper2DFlipbook_TutorialIcon.uasset" 136
"../../../Engine/Content/Tutorial/Paper2D/TutorialAssets/Paper2DSprite_TutorialIcon.uasset" 137
"../../../Engine/Content/Tutorial/SubEditors/TutorialAssets/icon_Editor_Preferences_General_40x.uasset" 138
"../../../Engine/Content/Tutorial/SubEditors/TutorialAssets/icon_ShowSkeletalMeshes_40x.uasset" 139
"../../../Engine/Content/Tutorial/SubEditors/TutorialAssets/TutorialMaterial.uasset" 140
"../../../Engine/Content/Tutorial/SubEditors/TutorialAssets/T_SmokeSubUV_8X8.uasset" 141
"../../../Engine/Content/Tutorial/SubEditors/TutorialAssets/T_soft_smoke.uasset" 142
"../../../Engine/Content/Tutorial/SubEditors/TutorialAssets/M_smoke_subUV_blackbody.uasset" 143
"../../../Engine/Content/Tutorial/SubEditors/TutorialAssets/TutorialParticleSystem.uasset" 144
"../../../Engine/Content/VREditor/Devices/Generic/GenericHMDMaterial.uasset" 145
"../../../Engine/Content/VREditor/Devices/Generic/GenericHMD.uasset" 146
"../../../Engine/Content/VREditor/FloatingText/LineMaterial.uasset" 147
"../../../Engine/Content/VREditor/FloatingText/JointSphere.uasset" 148
"../../../Engine/Content/VREditor/FloatingText/LineSegmentCylinder.uasset" 149
"../../../Engine/Content/VREditor/Fonts/VRText_RobotoLarge.uasset" 150
"../../../Engine/Content/VREditor/Fonts/VRTextMaterial.uasset" 151
"../../../Engine/Content/VREditor/Fonts/TranslucentVRTextMaterial.uasset" 152
"../../../Engine/Content/VREditor/LaserPointer/CursorPointer.uasset" 153
"../../../Engine/Content/VREditor/LaserPointer/VR_LaserPower_01.uasset" 154
"../../../Engine/Content/VREditor/TransformGizmo/TransformGizmoMaterial.uasset" 155
"../../../Engine/Content/VREditor/LaserPointer/HoverMaterial.uasset" 156
"../../../Engine/Content/VREditor/TransformGizmo/TranslucentTransformGizmoMaterial.uasset" 157
"../../../Engine/Content/VREditor/LaserPointer/TranslucentHoverMaterial.uasset" 158
"../../../Engine/Content/VREditor/LaserPointer/HoverMesh.uasset" 159
"../../../Engine/Content/VREditor/LaserPointer/LaserPointerMaterial.uasset" 160
"../../../Engine/Content/VREditor/LaserPointer/LaserPointerMaterialInst.uasset" 161
"../../../Engine/Content/VREditor/LaserPointer/TranslucentLaserPointerMaterialInst.uasset" 162
"../../../Engine/Content/VREditor/LaserPointer/LaserPointerMesh.uasset" 163
"../../../Engine/Content/VREditor/LaserPointer/LaserPointerMesh_End.uasset" 164
"../../../Engine/Content/VREditor/LaserPointer/LaserPointerMesh_Start.uasset" 165
"../../../Engine/Content/Functions/Engine_MaterialFunctions02/Utility/BreakOutFloat3Components.uasset" 166
"../../../Engine/Content/Functions/Engine_MaterialFunctions02/Math/Transform3x3Matrix.uasset" 167
"../../../Engine/Content/Functions/Engine_MaterialFunctions02/SplitComponents.uasset" 168
"../../../Engine/Content/Functions/Engine_MaterialFunctions02/Utility/MakeFloat3.uasset" 169
"../../../Engine/Content/VREditor/SnapGrid/SnapGridMaterial.uasset" 170
"../../../Engine/Content/VREditor/SnapGrid/SnapGridPlaneMesh.uasset" 171
"../../../Engine/Content/VREditor/Sounds/VR_teleport.uasset" 172
"../../../Engine/Content/VREditor/Sounds/UI/Click_on_Button_Cue.uasset" 173
"../../../Engine/Content/VREditor/Sounds/UI/Dockable_Window_Close.uasset" 174
"../../../Engine/Content/VREditor/Sounds/UI/Dockable_Window_Drop.uasset" 175
"../../../Engine/Content/VREditor/Sounds/UI/Dockable_Window_Open.uasset" 176
"../../../Engine/Content/VREditor/Sounds/UI/Dockable_Window_Pick_Up.uasset" 177
"../../../Engine/Content/VREditor/Sounds/UI/Drop_Item_From_ContentBrowser.uasset" 178
"../../../Engine/Content/VREditor/Sounds/UI/Floating_UI_Open-001.uasset" 179
"../../../Engine/Content/VREditor/Sounds/UI/Gizmo_Handle_Clicked.uasset" 180
"../../../Engine/Content/VREditor/Sounds/UI/Object_PickUp.uasset" 181
"../../../Engine/Content/VREditor/Sounds/UI/Object_Snaps_To_Another_Actor.uasset" 182
"../../../Engine/Content/VREditor/Sounds/UI/Object_Snaps_To_Grid.uasset" 183
"../../../Engine/Content/VREditor/Sounds/UI/Radial_Menu_FadeOut.uasset" 184
"../../../Engine/Content/VREditor/Sounds/UI/Scaling_Down.uasset" 185
"../../../Engine/Content/VREditor/Sounds/UI/Scaling_Up.uasset" 186
"../../../Engine/Content/VREditor/Sounds/UI/Selection_Changes.uasset" 187
"../../../Engine/Content/VREditor/Sounds/UI/Teleport_Mode_Entered.uasset" 188
"../../../Engine/Content/VREditor/Teleport/TeleportDirectionMaterial.uasset" 189
"../../../Engine/Content/VREditor/Teleport/TeleportDirectionMaterial_Inst.uasset" 190
"../../../Engine/Content/VREditor/Teleport/TeleportDirectionMesh.uasset" 191
"../../../Engine/Content/VREditor/TransformGizmo/BoundingBoxCorner.uasset" 192
"../../../Engine/Content/VREditor/TransformGizmo/BoundingBoxEdge.uasset" 193
"../../../Engine/Content/VREditor/TransformGizmo/PlaneTranslationHandle.uasset" 194
"../../../Engine/Content/VREditor/TransformGizmo/RotationHandleFull.uasset" 195
"../../../Engine/Content/VREditor/TransformGizmo/RotationHandleIndicator.uasset" 196
"../../../Engine/Content/VREditor/TransformGizmo/RotationHandleQuarter.uasset" 197
"../../../Engine/Content/VREditor/TransformGizmo/Main.uasset" 198
"../../../Engine/Content/VREditor/TransformGizmo/Xray.uasset" 199
"../../../Engine/Content/VREditor/TransformGizmo/SM_Dialog_Close.uasset" 200
"../../../Engine/Content/VREditor/TransformGizmo/SM_Dialog_Move.uasset" 201
"../../../Engine/Content/VREditor/TransformGizmo/SM_Sequencer_Key.uasset" 202
"../../../Engine/Content/VREditor/TransformGizmo/SM_Sequencer_Node.uasset" 203
"../../../Engine/Content/VREditor/TransformGizmo/StartRotationHandleIndicator.uasset" 204
"../../../Engine/Content/VREditor/TransformGizmo/TranslucentTransformGizmoMaterial_Inst.uasset" 205
"../../../Engine/Content/VREditor/TransformGizmo/TransformGizmoFreeRotation.uasset" 206
"../../../Engine/Content/VREditor/TransformGizmo/TransformGizmoMaterial_Inst.uasset" 207
"../../../Engine/Content/VREditor/TransformGizmo/TranslateArrowHandle.uasset" 208
"../../../Engine/Content/VREditor/TransformGizmo/UniformScaleHandle.uasset" 209
"../../../Engine/Content/VREditor/UI/KeyDiskMaterial.uasset" 210
"../../../Engine/Content/VREditor/UI/DiscMaterial.uasset" 211
"../../../Engine/Content/VREditor/UI/SM_Radial_Disk.uasset" 212
"../../../Engine/Content/Functions/Engine_MaterialFunctions01/Gradient/RadialGradient.uasset" 213
"../../../Engine/Content/VREditor/WorldMovementGrid/SimpleGrid.uasset" 214
"../../../Engine/Content/VREditor/WorldMovementGrid/GridMaterial.uasset" 215
"../../../Engine/Content/Functions/Engine_MaterialFunctions01/Density/ExponentialDensity.uasset" 216
"../../../Engine/Content/VREditor/WorldMovementGrid/GridPostProcess.uasset" 217
"../../../Engine/Content/EditorLandscapeResources/FlattenHeightMat.uasset" 218
"../../../Engine/Content/VREditor/WorldMovementGrid/PlaneMesh.uasset" 219
"../../../Engine/Plugins/2D/Paper2D/Content/PlaceholderTextures/DummySpriteTexture.uasset" 220
"../../../Engine/Plugins/2D/Paper2D/Content/DummySprite.uasset" 221
"../../../Engine/Plugins/2D/Paper2D/Content/DefaultPaperTerrainMaterial.uasset" 222
"../../../Engine/Plugins/2D/Paper2D/Content/DefaultSpriteMaterial.uasset" 223
"../../../Engine/Plugins/2D/Paper2D/Content/MaskedUnlitSpriteMaterial.uasset" 224
"../../../Engine/Plugins/2D/Paper2D/Content/OpaqueUnlitSpriteMaterial.uasset" 225
"../../../Engine/Plugins/Media/MediaCompositing/Content/DefaultMediaPlaneMaterial.uasset" 226
"../../../Engine/Content/Functions/Engine_MaterialFunctions02/Utility/MakeFloat4.uasset" 227
"../../../Engine/Plugins/Runtime/AppleARKit/Content/ARKitCameraMaterial.uasset" 228
"../../../ProjectMini/Content/Static/AnimStarterPack/UE4_Mannequin/Mesh/UE4_Mannequin_Skeleton.uasset" 229
"../../../ProjectMini/Content/Static/AnimStarterPack/Idle_Rifle_Hip.uasset" 230
"../../../ProjectMini/Content/Static/AnimStarterPack/AimPoses/Aim_Center.uasset" 231
"../../../ProjectMini/Content/Static/AnimStarterPack/AimPoses/Aim_Center_Down.uasset" 232
"../../../ProjectMini/Content/Static/AnimStarterPack/AimPoses/Aim_Center_Up.uasset" 233
"../../../ProjectMini/Content/Static/AnimStarterPack/AimPoses/Aim_Left_Center.uasset" 234
"../../../ProjectMini/Content/Static/AnimStarterPack/AimPoses/Aim_Left_Down.uasset" 235
"../../../ProjectMini/Content/Static/AnimStarterPack/AimPoses/Aim_Left_Up.uasset" 236
"../../../ProjectMini/Content/Static/AnimStarterPack/AimPoses/Aim_Right_center.uasset" 237
"../../../ProjectMini/Content/Static/AnimStarterPack/AimPoses/Aim_Right_Down.uasset" 238
"../../../ProjectMini/Content/Static/AnimStarterPack/AimPoses/Aim_Right_Up.uasset" 239
"../../../ProjectMini/Content/Static/AnimStarterPack/UE4_Mannequin/Mesh/Rifle_Hip_AimOffset.uasset" 240
"../../../ProjectMini/Content/Static/AnimStarterPack/Crouch_Idle_Rifle_Hip.uasset" 241
"../../../ProjectMini/Content/Static/AnimStarterPack/Death_1.uasset" 242
"../../../ProjectMini/Content/Static/AnimStarterPack/Jump_From_Jog.uasset" 243
"../../../ProjectMini/Content/Static/AnimStarterPack/Jump_From_Stand.uasset" 244
"../../../ProjectMini/Content/Static/AnimStarterPack/Crouch_Walk_Bwd_Rifle_Hip.uasset" 245
"../../../ProjectMini/Content/Static/AnimStarterPack/Crouch_Walk_Fwd_Rifle_Hip.uasset" 246
"../../../ProjectMini/Content/Static/AnimStarterPack/Crouch_Walk_Lt_Rifle_Hip.uasset" 247
"../../../ProjectMini/Content/Static/AnimStarterPack/Crouch_Walk_Rt_Rifle_Hip.uasset" 248
"../../../ProjectMini/Content/Static/AnimStarterPack/BS_CrouchWalk.uasset" 249
"../../../ProjectMini/Content/Static/AnimStarterPack/Jog_Bwd_Rifle.uasset" 250
"../../../ProjectMini/Content/Static/AnimStarterPack/Jog_Fwd_Rifle.uasset" 251
"../../../ProjectMini/Content/Static/AnimStarterPack/Jog_Lt_Rifle.uasset" 252
"../../../ProjectMini/Content/Static/AnimStarterPack/Jog_Rt_Rifle.uasset" 253
"../../../ProjectMini/Content/Static/AnimStarterPack/BS_Jog.uasset" 254
"../../../Engine/Content/Functions/Engine_MaterialFunctions02/Utility/BlendAngleCorrectedNormals.uasset" 255
"../../../Engine/Content/Functions/MaterialLayerFunctions/MatLayerBlend_AO.uasset" 256
"../../../Engine/Content/Functions/MaterialLayerFunctions/MatLayerBlend_NormalBlend.uasset" 257
"../../../Engine/Content/Functions/MaterialLayerFunctions/MatLayerBlend_Simple.uasset" 258
"../../../ProjectMini/Content/Static/AnimStarterPack/UE4_Mannequin/Materials/MaterialLayers/T_ML_Rubber_Blue_01_D.uasset" 259
"../../../ProjectMini/Content/Static/AnimStarterPack/UE4_Mannequin/Materials/MaterialLayers/T_ML_Rubber_Blue_01_N.uasset" 260
"../../../ProjectMini/Content/Static/AnimStarterPack/UE4_Mannequin/Materials/MaterialLayers/ML_GlossyBlack_Latex_UE4.uasset" 261
"../../../ProjectMini/Content/Static/AnimStarterPack/UE4_Mannequin/Materials/MaterialLayers/ML_Plastic_Shiny_Beige.uasset" 262
"../../../ProjectMini/Content/Static/AnimStarterPack/UE4_Mannequin/Textures/UE4_LOGO_CARD.uasset" 263
"../../../ProjectMini/Content/Static/AnimStarterPack/UE4_Mannequin/Materials/MaterialLayers/ML_Plastic_Shiny_Beige_LOGO.uasset" 264
"../../../ProjectMini/Content/Static/AnimStarterPack/UE4_Mannequin/Materials/MaterialLayers/T_ML_Aluminum01.uasset" 265
"../../../ProjectMini/Content/Static/AnimStarterPack/UE4_Mannequin/Materials/MaterialLayers/T_ML_Aluminum01_N.uasset" 266
"../../../ProjectMini/Content/Static/AnimStarterPack/UE4_Mannequin/Materials/MaterialLayers/ML_SoftMetal_UE4.uasset" 267
"../../../ProjectMini/Content/Static/AnimStarterPack/UE4_Mannequin/Textures/UE4_Mannequin__normals.uasset" 268
"../../../ProjectMini/Content/Static/AnimStarterPack/UE4_Mannequin/Textures/UE4_Mannequin_MAT_MASKA.uasset" 269
"../../../ProjectMini/Content/Static/AnimStarterPack/UE4_Mannequin/Textures/UE4_Mannequin_occlusion_Mobile.uasset" 270
"../../../ProjectMini/Content/Static/AnimStarterPack/UE4_Mannequin/Materials/M_UE4Man_Body.uasset" 271
"../../../ProjectMini/Content/Static/AnimStarterPack/UE4_Mannequin/Textures/UE4Man_Logo_N.uasset" 272
"../../../ProjectMini/Content/Static/AnimStarterPack/UE4_Mannequin/Materials/M_UE4Man_ChestLogo.uasset" 273
"../../../ProjectMini/Content/Static/AnimStarterPack/UE4_Mannequin/Mesh/SK_Mannequin_PhysicsAsset.uasset" 274
"../../../ProjectMini/Content/Static/AnimStarterPack/UE4_Mannequin/Mesh/SK_Mannequin.uasset" 275
"../../../ProjectMini/Content/Static/AnimStarterPack/Ue4ASP_Character.uasset" 276
"../../../ProjectMini/Content/Static/AnimStarterPack/UE4ASP_HeroTPP_AnimBlueprint.uasset" 277
"../../../ProjectMini/Content/Dynamic/AI/AICharacterStats.uasset" 278
"../../../ProjectMini/Content/Dynamic/AI/OldData/PatrolData.uasset" 279
"../../../ProjectMini/Content/Dynamic/AI/OldData/ClearBlackboardValue.uasset" 280
"../../../ProjectMini/Content/Dynamic/AI/BehaviorTrees/SubBehaviorTrees/BT_Soldier_SoundSearch.uasset" 281
"../../../ProjectMini/Content/Dynamic/AI/OldData/FindNextWayPoint.uasset" 282
"../../../ProjectMini/Content/Dynamic/AI/BehaviorTrees/SubBehaviorTrees/Patrol.uasset" 283
"../../../ProjectMini/Content/Dynamic/Enemies/BPI_Enemy.uasset" 284
"../../../ProjectMini/Content/Dynamic/AI/OldData/BTTask_Shoot.uasset" 285
"../../../ProjectMini/Content/Dynamic/AI/BehaviorTrees/SubBehaviorTrees/ShootSequence.uasset" 286
"../../../ProjectMini/Content/Dynamic/AI/BehaviorTrees/SubBehaviorTrees/Suspicion.uasset" 287
"../../../Engine/Content/EditorBlueprintResources/StandardMacros.uasset" 288
"../../../ProjectMini/Content/Dynamic/AI/OldData/UpdateLastLocation.uasset" 289
"../../../ProjectMini/Content/Dynamic/AI/OldData/GuardBehaviour.uasset" 290
"../../../ProjectMini/Content/Dynamic/AI/OldData/NPC_AI_BP.uasset" 291
"../../../ProjectMini/Content/Dynamic/Weapons/E_AmmoType.uasset" 292
"../../../ProjectMini/Content/Dynamic/Weapons/DT_Base.uasset" 293
"../../../ProjectMini/Content/Dynamic/Weapons/ElementalDamage/BP_ElementalDamageEffectBase.uasset" 294
"../../../ProjectMini/Content/Dynamic/Weapons/ElementalDamage/BP_FireDamageFlames.uasset" 295
"../../../ProjectMini/Content/Dynamic/Weapons/ElementalDamage/BP_IceDamageSpikes.uasset" 296
"../../../ProjectMini/Content/Dynamic/Weapons/ElementalDamage/BP_ShockDamageSparks.uasset" 297
"../../../ProjectMini/Content/Dynamic/Weapons/E_WeaponType.uasset" 298
"../../../ProjectMini/Content/Dynamic/Weapons/WeaponStats.uasset" 299
"../../../ProjectMini/Content/Dynamic/Weapons/AIWeaponBase.uasset" 300
"../../../ProjectMini/Content/Static/Weapon_Pack/Textures/T_Hammer_D_2.uasset" 301
"../../../ProjectMini/Content/Static/Weapon_Pack/Textures/T_Hammer_E.uasset" 302
"../../../ProjectMini/Content/Static/Weapon_Pack/Textures/T_Hammer_N.uasset" 303
"../../../ProjectMini/Content/Static/Weapon_Pack/Materials/M_Hammer_Pistol_Orange.uasset" 304
"../../../ProjectMini/Content/Static/Weapon_Pack/Meshes/hammer_pistol_skeletal_PhysicsAsset.uasset" 305
"../../../ProjectMini/Content/Static/Weapon_Pack/Meshes/hammer_pistol_skeletal_Skeleton.uasset" 306
"../../../ProjectMini/Content/Static/Weapon_Pack/Meshes/hammer_pistol_skeletal.uasset" 307
"../../../ProjectMini/Content/Dynamic/Weapons/AIWeapon_Pistol.uasset" 308
"../../../ProjectMini/Content/Static/AnimStarterPack/UE4_Mannequin/Materials/M_UE4Man_Body_Enemy.uasset" 309
"../../../ProjectMini/Content/Dynamic/Enemies/BP_Enemy.uasset" 310
"../../../Engine/Content/EngineSky/C_Sky_Cloud_Color.uasset" 311
"../../../Engine/Content/EngineSky/C_Sky_Horizon_Color.uasset" 312
"../../../Engine/Content/EngineSky/C_Sky_Zenith_Color.uasset" 313
"../../../Engine/Content/EngineSky/T_Sky_Blue.uasset" 314
"../../../Engine/Content/EngineSky/T_Sky_Clouds_M.uasset" 315
"../../../Engine/Content/EngineSky/T_Sky_Stars.uasset" 316
"../../../Engine/Content/EngineSky/M_Sky_Panning_Clouds2.uasset" 317
"../../../Engine/Content/EngineSky/SM_SkySphere.uasset" 318
"../../../Engine/Content/EngineSky/BP_Sky_Sphere.uasset" 319
"../../../ProjectMini/Content/Dynamic/UI/WBCrosshair.uasset" 320
"../../../ProjectMini/Content/Dynamic/UI/WP_Pause.uasset" 321
"../../../ProjectMini/Content/Dynamic/Player/BP_PlayerController.uasset" 322
"../../../ProjectMini/Content/Static/FirstPerson/Character/Mesh/SK_Mannequin_Arms_Skeleton.uasset" 323
"../../../ProjectMini/Content/Static/FirstPerson/Animations/FirstPerson_Idle.uasset" 324
"../../../ProjectMini/Content/Static/FirstPerson/Animations/FirstPerson_JumpEnd.uasset" 325
"../../../ProjectMini/Content/Static/FirstPerson/Animations/FirstPerson_JumpLoop.uasset" 326
"../../../ProjectMini/Content/Static/FirstPerson/Animations/FirstPerson_JumpStart.uasset" 327
"../../../ProjectMini/Content/Static/FirstPerson/Animations/FirstPerson_Run.uasset" 328
"../../../ProjectMini/Content/Static/FirstPerson/Animations/FirstPerson_AnimBP.uasset" 329
"../../../ProjectMini/Content/Static/FirstPerson/Animations/FirstPerson_Fire.uasset" 330
"../../../ProjectMini/Content/Static/FirstPerson/Animations/FirstPersonFire_Montage.uasset" 331
"../../../ProjectMini/Content/Dynamic/Player/PlayerStats.uasset" 332
"../../../Engine/Content/BasicShapes/BasicShapeMaterial.uasset" 333
"../../../Engine/Content/BasicShapes/Sphere.uasset" 334
"../../../ProjectMini/Content/Dynamic/Weapon/BP_Golfball_Pickup.uasset" 335
"../../../ProjectMini/Content/PhysMat_Golfball.uasset" 336
"../../../ProjectMini/Content/Dynamic/Weapon/GolfBall_BP.uasset" 337
"../../../ProjectMini/Content/Static/FirstPerson/FPWeapon/Materials/MaterialLayers/T_ML_Rubber_Blue_01_D.uasset" 338
"../../../ProjectMini/Content/Static/FirstPerson/FPWeapon/Materials/MaterialLayers/T_ML_Rubber_Blue_01_N.uasset" 339
"../../../ProjectMini/Content/Static/FirstPerson/FPWeapon/Materials/MaterialLayers/ML_GlossyBlack_Latex_UE4.uasset" 340
"../../../ProjectMini/Content/Static/FirstPerson/FPWeapon/Materials/MaterialLayers/ML_Plastic_Shiny_Beige.uasset" 341
"../../../ProjectMini/Content/Static/FirstPerson/FPWeapon/Materials/MaterialLayers/ML_Screen.uasset" 342
"../../../ProjectMini/Content/Static/FirstPerson/FPWeapon/Materials/MaterialLayers/T_ML_Aluminum01.uasset" 343
"../../../ProjectMini/Content/Static/FirstPerson/FPWeapon/Materials/MaterialLayers/T_ML_Aluminum01_N.uasset" 344
"../../../ProjectMini/Content/Static/FirstPerson/FPWeapon/Materials/MaterialLayers/ML_SoftMetal_UE4.uasset" 345
"../../../ProjectMini/Content/Static/FirstPerson/FPWeapon/Textures/T_FPGun_M.uasset" 346
"../../../ProjectMini/Content/Static/FirstPerson/FPWeapon/Textures/T_FPGun_N.uasset" 347
"../../../ProjectMini/Content/Static/FirstPerson/FPWeapon/Materials/M_FPGun.uasset" 348
"../../../ProjectMini/Content/Static/FirstPerson/FPWeapon/Materials/M_FPGun_Inst.uasset" 349
"../../../ProjectMini/Content/Static/Audio/Charged_weapon_fire.uasset" 350
"../../../ProjectMini/Content/Static/Audio/Charging_Weapon.uasset" 351
"../../../ProjectMini/Content/Static/FirstPerson/Audio/FirstPersonTemplateWeaponFire02.uasset" 352
"../../../ProjectMini/Content/Static/FirstPerson/Character/Materials/MaterialLayers/T_ML_Rubber_Blue_01_D.uasset" 353
"../../../ProjectMini/Content/Static/FirstPerson/Character/Materials/MaterialLayers/T_ML_Rubber_Blue_01_N.uasset" 354
"../../../ProjectMini/Content/Static/FirstPerson/Character/Materials/MaterialLayers/ML_GlossyBlack_Latex_UE4.uasset" 355
"../../../ProjectMini/Content/Static/FirstPerson/Character/Materials/MaterialLayers/ML_Plastic_Shiny_Beige.uasset" 356
"../../../ProjectMini/Content/Static/FirstPerson/Character/Textures/UE4_LOGO_CARD.uasset" 357
"../../../ProjectMini/Content/Static/FirstPerson/Character/Materials/MaterialLayers/ML_Plastic_Shiny_Beige_LOGO.uasset" 358
"../../../ProjectMini/Content/Static/FirstPerson/Character/Materials/MaterialLayers/T_ML_Aluminum01.uasset" 359
"../../../ProjectMini/Content/Static/FirstPerson/Character/Materials/MaterialLayers/T_ML_Aluminum01_N.uasset" 360
"../../../ProjectMini/Content/Static/FirstPerson/Character/Materials/MaterialLayers/ML_SoftMetal_UE4.uasset" 361
"../../../ProjectMini/Content/Static/FirstPerson/Character/Textures/UE4_Mannequin__normals.uasset" 362
"../../../ProjectMini/Content/Static/FirstPerson/Character/Textures/UE4_Mannequin_MAT_MASKA.uasset" 363
"../../../ProjectMini/Content/Static/FirstPerson/Character/Materials/M_UE4Man_Body.uasset" 364
"../../../ProjectMini/Content/Static/FirstPerson/Character/Mesh/SK_Mannequin_Arms_PhysicsAsset.uasset" 365
"../../../ProjectMini/Content/Static/FirstPerson/Character/Mesh/SK_Mannequin_Arms.uasset" 366
"../../../ProjectMini/Content/Static/FirstPerson/FPWeapon/Mesh/SK_FPGun_Skeleton.uasset" 367
"../../../ProjectMini/Content/Static/FirstPerson/FPWeapon/Mesh/SK_FPGun.uasset" 368
"../../../ProjectMini/Content/Dynamic/Player/FirstPersonCharacter.uasset" 369
"../../../ProjectMini/Content/Dynamic/UI/WP_PlayerHUD.uasset" 370
"../../../ProjectMini/Content/Dynamic/UI/BP_HUD.uasset" 371
"../../../ProjectMini/Content/Dynamic/Game/ProjectMiniGameMode.uasset" 372
"../../../ProjectMini/Content/Static/Materials/Regular_LayerInfo.uasset" 373
"../../../ProjectMini/Content/Static/Materials/Rough_LayerInfo.uasset" 374
"../../../Engine/Content/Functions/MaterialLayerFunctions/MatLayerBlend_BreakBaseColor.uasset" 375
"../../../ProjectMini/Content/Static/StarterContent/Textures/T_Ground_Grass_D.uasset" 376
"../../../ProjectMini/Content/Static/StarterContent/Textures/T_Ground_Grass_N.uasset" 377
"../../../ProjectMini/Content/Static/StarterContent/Textures/T_MacroVariation.uasset" 378
"../../../ProjectMini/Content/Static/StarterContent/Textures/T_Perlin_Noise_M.uasset" 379
"../../../ProjectMini/Content/Static/StarterContent/Materials/M_Ground_Grass1.uasset" 380
"../../../ProjectMini/Content/Static/StarterContent/Textures/T_Rock_Sandstone_D.uasset" 381
"../../../ProjectMini/Content/Static/StarterContent/Textures/T_Rock_Sandstone_N.uasset" 382
"../../../ProjectMini/Content/Static/StarterContent/Materials/M_Rock_Sandstone.uasset" 383
"../../../ProjectMini/Content/Static/StarterContent/Textures/T_Water_M.uasset" 384
"../../../ProjectMini/Content/Static/StarterContent/Textures/T_Water_N.uasset" 385
"../../../ProjectMini/Content/Static/StarterContent/Materials/M_Water_Ocean.uasset" 386
"../../../Engine/Content/BasicShapes/Cone.uasset" 387
"../../../Engine/Content/BasicShapes/Cube.uasset" 388
"../../../Engine/Content/BasicShapes/Cylinder.uasset" 389
"../../../Engine/Content/EngineMaterials/DefaultPhysicalMaterial.uasset" 390
"../../../ProjectMini/Content/Dynamic/Maps/GolfJM.umap" 391
"../../../ProjectMini/Content/Static/logo.uasset" 392
"../../../ProjectMini/Content/Dynamic/UI/WP_Splash.uasset" 393
"../../../ProjectMini/Content/Dynamic/Game/Slpash.uasset" 394
"../../../ProjectMini/Content/Dynamic/LS_Splash.uasset" 395
"../../../ProjectMini/Content/Dynamic/UI/WP_MainMenu.uasset" 396
"../../../ProjectMini/Content/Dynamic/Game/BP_MainMenuGameMode.uasset" 397
"../../../ProjectMini/Content/Dynamic/Maps/MainMenu.umap" 398
"../../../ProjectMini/Content/Foster-Byrd_Brenton/Blueprintoda/BP_GameInstance.uasset" 399
"../../../ProjectMini/Content/Foster-Byrd_Brenton/Artoda/b.uasset" 400
"../../../ProjectMini/Content/Foster-Byrd_Brenton/Artoda/W_Credits.uasset" 401
"../../../ProjectMini/Content/Foster-Byrd_Brenton/Mapsoda/Credits.umap" 402
"../../../Engine/Content/Maps/Entry.umap" 403
